INFO:root:Removing ./__init__.py to trash
INFO:root:Removing ./__init__.pyc to trash
INFO:root:Removing ./bin.py to trash
INFO:root:Removing ./commands/__init__.py to trash
INFO:root:Removing ./commands/__init__.pyc to trash
INFO:root:Removing ./commands/bin_command.py to trash
INFO:root:Removing ./commands/bin_command.pyc to trash
INFO:root:Removing ./commands/command.py to trash
INFO:root:Removing ./commands/command.pyc to trash
INFO:root:Removing ./commands/command_object.py to trash
INFO:root:Removing ./commands/command_object.pyc to trash
INFO:root:Removing ./commands/remove_command.py to trash
INFO:root:Removing ./commands/remove_command.pyc to trash
INFO:root:Removing ./commands/undo_command.py to trash
INFO:root:Removing ./config_maker.py to trash
INFO:root:Removing ./policies/__init__.py to trash
INFO:root:Removing ./policies/count_policy.py to trash
INFO:root:Removing ./policies/memory_policy.py to trash
INFO:root:Removing ./policies/policy.py to trash
INFO:root:Removing ./policies/time_policy.py to trash
INFO:root:Removing ./remove.py to trash
INFO:root:Removing ./remove.pyc to trash
INFO:root:Removing ./src/__init__.py to trash
INFO:root:Removing ./src/directory.py to trash
INFO:root:Removing ./src/dry_run.py to trash
INFO:root:Removing ./src/file_object.py to trash
INFO:root:Removing ./src/interactive.py to trash
INFO:root:Removing ./src/my_exceptions.py to trash
INFO:root:Removing ./src/serialization.py to trash
INFO:root:Removing ./src/singleton.py to trash
INFO:root:Removing ./src/trash.py to trash
INFO:root:Removing ./src/user_input.py to trash
INFO:root:Removing ./src/verification.py to trash
INFO:root:Removing ./undo.py to trash
